11:08:23.979 [main] INFO  TestCase.TestCase1_UpcomingBikeDetails - clicking on Upcoming Bikes
11:09:12.074 [main] INFO  TestCase.TestCase1_UpcomingBikeDetails - **** Finished TC_002_UpcomingBike ****
11:09:12.491 [main] INFO  TestCase.TestCase1_UpcomingBikeDetails - clicking on  Used Cars and selecting Chennai
11:10:25.123 [main] INFO  TestCase.TestCase1_UpcomingBikeDetails - **** Finished TC_003_UsedCar ****
11:10:25.360 [main] INFO  TestCase.TestCase1_UpcomingBikeDetails - **** Starting TC_004_LoginSignup ****
11:10:25.360 [main] INFO  TestCase.TestCase1_UpcomingBikeDetails - Verifying login/SignUp
11:10:32.594 [main] INFO  TestCase.TestCase1_UpcomingBikeDetails - **** Finished TC_004_LoginSignup ****
11:10:32.975 [main] INFO  TestCase.TestCase1_UpcomingBikeDetails - **** Starting TC_005_LoginPage ****
11:10:32.976 [main] INFO  TestCase.TestCase1_UpcomingBikeDetails - Verifying loginPage
11:11:00.971 [main] INFO  TestCase.TestCase1_UpcomingBikeDetails - **** Finished TC_005_LoginPage ****
11:12:06.568 [main] INFO  TestCase.TestCase1_UpcomingBikeDetails - **** Starting TC_002_UpcomingBike ****
11:12:06.568 [main] INFO  TestCase.TestCase1_UpcomingBikeDetails - clicking on  New Bikes 
11:12:48.518 [main] INFO  TestCase.TestCase1_UpcomingBikeDetails - clicking on Upcoming Bikes
11:13:33.734 [main] INFO  TestCase.TestCase1_UpcomingBikeDetails - **** Finished TC_002_UpcomingBike ****
11:13:34.073 [main] INFO  TestCase.TestCase1_UpcomingBikeDetails - clicking on  Used Cars and selecting Chennai
11:14:46.988 [main] INFO  TestCase.TestCase1_UpcomingBikeDetails - **** Finished TC_003_UsedCar ****
11:14:47.224 [main] INFO  TestCase.TestCase1_UpcomingBikeDetails - **** Starting TC_004_LoginSignup ****
11:14:47.224 [main] INFO  TestCase.TestCase1_UpcomingBikeDetails - Verifying login/SignUp
11:14:53.173 [main] INFO  TestCase.TestCase1_UpcomingBikeDetails - **** Finished TC_004_LoginSignup ****
11:14:53.700 [main] INFO  TestCase.TestCase1_UpcomingBikeDetails - **** Starting TC_005_LoginPage ****
11:14:53.701 [main] INFO  TestCase.TestCase1_UpcomingBikeDetails - Verifying loginPage
11:15:01.283 [main] INFO  TestCase.TestCase1_UpcomingBikeDetails - **** Finished TC_005_LoginPage ****
23:26:26.852 [main] INFO  TestCase.TC001_UpcomingBikeDetails - **** Starting TC_002_UpcomingBike ****
23:26:26.871 [main] INFO  TestCase.TC001_UpcomingBikeDetails - clicking on  New Bikes 
23:26:39.699 [main] INFO  TestCase.TC001_UpcomingBikeDetails - clicking on Upcoming Bikes
23:27:14.952 [main] INFO  TestCase.TC001_UpcomingBikeDetails - **** Finished TC_002_UpcomingBike ****
23:27:15.534 [main] INFO  TestCase.TC001_UpcomingBikeDetails - clicking on  Used Cars and selecting Chennai
23:28:09.831 [main] INFO  TestCase.TC001_UpcomingBikeDetails - **** Finished TC_003_UsedCar ****
23:28:10.217 [main] INFO  TestCase.TC001_UpcomingBikeDetails - **** Starting TC_004_LoginSignup ****
23:28:10.217 [main] INFO  TestCase.TC001_UpcomingBikeDetails - Verifying login/SignUp
23:28:18.437 [main] INFO  TestCase.TC001_UpcomingBikeDetails - **** Finished TC_004_LoginSignup ****
23:28:20.369 [main] INFO  TestCase.TC001_UpcomingBikeDetails - **** Starting TC_005_LoginPage ****
23:28:20.370 [main] INFO  TestCase.TC001_UpcomingBikeDetails - Verifying loginPage
23:28:30.439 [main] INFO  TestCase.TC001_UpcomingBikeDetails - **** Finished TC_005_LoginPage ****
23:28:55.221 [main] INFO  TestCase.TC001_UpcomingBikeDetails - **** Starting TC_002_UpcomingBike ****
23:28:55.221 [main] INFO  TestCase.TC001_UpcomingBikeDetails - clicking on  New Bikes 
23:29:04.461 [main] INFO  TestCase.TC001_UpcomingBikeDetails - clicking on Upcoming Bikes
23:29:25.958 [main] INFO  TestCase.TC001_UpcomingBikeDetails - **** Finished TC_002_UpcomingBike ****
